<?xml version="1.0" encoding="UTF-8"?>
<testng-results total="4" passed="0" failed="0" skipped="4">
  <reporter-output>
  </reporter-output>
  <suite started-at="2018-07-13T08:06:48Z" name="Default suite" finished-at="2018-07-13T08:06:48Z" duration-ms="502">
    <groups>
    </groups>
    <test started-at="2018-07-13T08:06:48Z" name="Default test" finished-at="2018-07-13T08:06:48Z" duration-ms="502">
      <class name="testCases.UMA_ChanLine_CRM">
        <test-method is-config="true" signature="init()[pri:0, instance:testCases.UMA_ChanLine_CRM@6c8bca63]" started-at="2018-07-13T13:36:48Z" name="init" finished-at="2018-07-13T13:36:48Z" duration-ms="0" status="FAIL">
          <exception class="org.openqa.selenium.WebDriverException">
            <message>
              <![CDATA[Reached error page: about:neterror?e=dnsNotFound&u=https%3A//uma.att.com/uma/RetrieveChannelLineup%3FZIP%3D47302%26FORMAT%3DIFRAME%26APPID%3DCRM&c=UTF-8&f=regular&d=We%20can%E2%80%99t%20connect%20to%20the%20server%20at%20uma.att.com.
Build info: version: '3.11.0', revision: 'e59cfb3', time: '2018-03-11T20:33:08.638Z'
System info: host: 'Mandeeps-MacBook-Air.local', ip: '127.0.0.1', os.name: 'Mac OS X', os.arch: 'x86_64', os.version: '10.13.5', java.version: '10'
Driver info: org.openqa.selenium.firefox.FirefoxDriver
Capabilities {acceptInsecureCerts: true, browserName: firefox, browserVersion: 61.0.1, javascriptEnabled: true, moz:accessibilityChecks: false, moz:headless: false, moz:processID: 978, moz:profile: /var/folders/cf/48wlvwtd5nb..., moz:useNonSpecCompliantPointerOrigin: false, moz:webdriverClick: true, pageLoadStrategy: normal, platform: MAC, platformName: MAC, platformVersion: 17.6.0, rotatable: false, timeouts: {implicit: 0, pageLoad: 300000, script: 30000}}
Session ID: 7634237b-9b41-6c4e-b3be-4e7348adda48]]>
            </message>
            <full-stacktrace>
              <![CDATA[org.openqa.selenium.WebDriverException: Reached error page: about:neterror?e=dnsNotFound&u=https%3A//uma.att.com/uma/RetrieveChannelLineup%3FZIP%3D47302%26FORMAT%3DIFRAME%26APPID%3DCRM&c=UTF-8&f=regular&d=We%20can%E2%80%99t%20connect%20to%20the%20server%20at%20uma.att.com.
Build info: version: '3.11.0', revision: 'e59cfb3', time: '2018-03-11T20:33:08.638Z'
System info: host: 'Mandeeps-MacBook-Air.local', ip: '127.0.0.1', os.name: 'Mac OS X', os.arch: 'x86_64', os.version: '10.13.5', java.version: '10'
Driver info: org.openqa.selenium.firefox.FirefoxDriver
Capabilities {acceptInsecureCerts: true, browserName: firefox, browserVersion: 61.0.1, javascriptEnabled: true, moz:accessibilityChecks: false, moz:headless: false, moz:processID: 978, moz:profile: /var/folders/cf/48wlvwtd5nb..., moz:useNonSpecCompliantPointerOrigin: false, moz:webdriverClick: true, pageLoadStrategy: normal, platform: MAC, platformName: MAC, platformVersion: 17.6.0, rotatable: false, timeouts: {implicit: 0, pageLoad: 300000, script: 30000}}
Session ID: 7634237b-9b41-6c4e-b3be-4e7348adda48
	at java.base/jdk.internal.reflect.NativeConstructorAccessorImpl.newInstance0(Native Method)
	at java.base/jdk.internal.reflect.NativeConstructorAccessorImpl.newInstance(NativeConstructorAccessorImpl.java:62)
	at java.base/jdk.internal.reflect.DelegatingConstructorAccessorImpl.newInstance(DelegatingConstructorAccessorImpl.java:45)
	at java.base/java.lang.reflect.Constructor.newInstance(Constructor.java:488)
	at org.openqa.selenium.remote.http.W3CHttpResponseCodec.createException(W3CHttpResponseCodec.java:187)
	at org.openqa.selenium.remote.http.W3CHttpResponseCodec.decode(W3CHttpResponseCodec.java:122)
	at org.openqa.selenium.remote.http.W3CHttpResponseCodec.decode(W3CHttpResponseCodec.java:49)
	at org.openqa.selenium.remote.HttpCommandExecutor.execute(HttpCommandExecutor.java:158)
	at org.openqa.selenium.remote.service.DriverCommandExecutor.execute(DriverCommandExecutor.java:83)
	at org.openqa.selenium.remote.RemoteWebDriver.execute(RemoteWebDriver.java:545)
	at org.openqa.selenium.remote.RemoteWebDriver.get(RemoteWebDriver.java:273)
	at methods.BaseClass.openULR(BaseClass.java:16)
	at testCases.UMA_ChanLine_CRM.init(UMA_ChanLine_CRM.java:22)
	at java.base/jdk.internal.reflect.NativeMethodAccessorImpl.invoke0(Native Method)
	at java.base/jdk.internal.reflect.NativeMethodAccessorImpl.invoke(NativeMethodAccessorImpl.java:62)
	at java.base/jdk.internal.reflect.DelegatingMethodAccessorImpl.invoke(DelegatingMethodAccessorImpl.java:43)
	at java.base/java.lang.reflect.Method.invoke(Method.java:564)
	at org.testng.internal.MethodInvocationHelper.invokeMethod(MethodInvocationHelper.java:85)
	at org.testng.internal.Invoker.invokeConfigurationMethod(Invoker.java:510)
	at org.testng.internal.Invoker.invokeConfigurations(Invoker.java:211)
	at org.testng.internal.Invoker.invokeConfigurations(Invoker.java:138)
	at org.testng.TestRunner.beforeRun(TestRunner.java:648)
	at org.testng.TestRunner.run(TestRunner.java:616)
	at org.testng.SuiteRunner.runTest(SuiteRunner.java:359)
	at org.testng.SuiteRunner.runSequentially(SuiteRunner.java:354)
	at org.testng.SuiteRunner.privateRun(SuiteRunner.java:312)
	at org.testng.SuiteRunner.run(SuiteRunner.java:261)
	at org.testng.SuiteRunnerWorker.runSuite(SuiteRunnerWorker.java:52)
	at org.testng.SuiteRunnerWorker.run(SuiteRunnerWorker.java:86)
	at org.testng.TestNG.runSuitesSequentially(TestNG.java:1215)
	at org.testng.TestNG.runSuitesLocally(TestNG.java:1140)
	at org.testng.TestNG.run(TestNG.java:1048)
	at org.testng.remote.AbstractRemoteTestNG.run(AbstractRemoteTestNG.java:114)
	at org.testng.remote.RemoteTestNG.initAndRun(RemoteTestNG.java:251)
	at org.testng.remote.RemoteTestNG.main(RemoteTestNG.java:77)
]]>
            </full-stacktrace>
          </exception> <!-- org.openqa.selenium.WebDriverException -->
          <reporter-output>
          </reporter-output>
        </test-method> <!-- init -->
        <test-method signature="VerifySearchFunctionality()[pri:0, instance:testCases.UMA_ChanLine_CRM@6c8bca63]" started-at="2018-07-13T13:36:48Z" name="VerifySearchFunctionality" finished-at="2018-07-13T13:36:48Z" duration-ms="2" status="SKIP">
          <reporter-output>
          </reporter-output>
        </test-method> <!-- VerifySearchFunctionality -->
        <test-method signature="VerifyTextBelowFields()[pri:0, instance:testCases.UMA_ChanLine_CRM@6c8bca63]" started-at="2018-07-13T13:36:48Z" name="VerifyTextBelowFields" finished-at="2018-07-13T13:36:48Z" duration-ms="2" status="SKIP">
          <reporter-output>
          </reporter-output>
        </test-method> <!-- VerifyTextBelowFields -->
        <test-method signature="VerifyTextBelowHeading()[pri:0, instance:testCases.UMA_ChanLine_CRM@6c8bca63]" started-at="2018-07-13T13:36:48Z" name="VerifyTextBelowHeading" finished-at="2018-07-13T13:36:48Z" duration-ms="1" status="SKIP">
          <reporter-output>
          </reporter-output>
        </test-method> <!-- VerifyTextBelowHeading -->
        <test-method signature="VerifyZIPCodeInTextBox()[pri:0, instance:testCases.UMA_ChanLine_CRM@6c8bca63]" started-at="2018-07-13T13:36:48Z" name="VerifyZIPCodeInTextBox" finished-at="2018-07-13T13:36:48Z" duration-ms="1" status="SKIP">
          <reporter-output>
          </reporter-output>
        </test-method> <!-- VerifyZIPCodeInTextBox -->
        <test-method is-config="true" signature="Down()[pri:0, instance:testCases.UMA_ChanLine_CRM@6c8bca63]" started-at="2018-07-13T13:36:48Z" name="Down" finished-at="2018-07-13T13:36:48Z" duration-ms="0" status="SKIP">
          <reporter-output>
          </reporter-output>
        </test-method> <!-- Down -->
      </class> <!-- testCases.UMA_ChanLine_CRM -->
    </test> <!-- Default test -->
  </suite> <!-- Default suite -->
</testng-results>
